<?xml version="1.0" encoding="UTF-8"?>
<testng-results ignored="0" total="1" passed="1" failed="0" skipped="0">
  <reporter-output>
  </reporter-output>
  <suite started-at="2025-01-30T00:02:16 EST" name="Default suite" finished-at="2025-01-30T00:02:22 EST" duration-ms="6321">
    <groups>
    </groups>
    <test started-at="2025-01-30T00:02:16 EST" name="Default test" finished-at="2025-01-30T00:02:22 EST" duration-ms="6321">
      <class name="Selenium.SeleniumFrameworkPOM.LoginPageTest">
        <test-method is-config="true" signature="startbrowser()[pri:0, instance:Selenium.SeleniumFrameworkPOM.LoginPageTest@18271936]" started-at="2025-01-30T00:02:16 EST" name="startbrowser" finished-at="2025-01-30T00:02:22 EST" duration-ms="5832" status="PASS">
          <reporter-output>
          </reporter-output>
        </test-method> <!-- startbrowser -->
        <test-method signature="Login()[pri:0, instance:Selenium.SeleniumFrameworkPOM.LoginPageTest@18271936]" started-at="2025-01-30T00:02:22 EST" name="Login" finished-at="2025-01-30T00:02:22 EST" duration-ms="440" status="PASS">
          <reporter-output>
          </reporter-output>
        </test-method> <!-- Login -->
      </class> <!-- Selenium.SeleniumFrameworkPOM.LoginPageTest -->
    </test> <!-- Default test -->
  </suite> <!-- Default suite -->
</testng-results>
